00:12:38:588  INFO 85794 --- [main] com.hmall.pay.PayApplication             : Starting PayApplication using Java 17.0.10 on MacBook-Pro.local with PID 85794 (/Users/dengwenjie/Java/spring-cloud/hmall/pay-service/target/classes started by dengwenjie in /Users/dengwenjie/Java/spring-cloud)
00:12:38:589 DEBUG 85794 --- [main] com.hmall.pay.PayApplication             : Running with Spring Boot v2.7.12, Spring v5.3.27
00:12:38:589  INFO 85794 --- [main] com.hmall.pay.PayApplication             : The following 1 profile is active: "dev"
00:12:39:047  INFO 85794 --- [main] o.s.cloud.context.scope.GenericScope     : BeanFactory id=faf54c5e-d4fe-368d-b458-c643c838af2f
00:12:39:254  INFO 85794 --- [main] o.s.b.w.embedded.tomcat.TomcatWebServer  : Tomcat initialized with port(s): 8085 (http)
00:12:39:259  INFO 85794 --- [main] o.apache.catalina.core.StandardService   : Starting service [Tomcat]
00:12:39:259  INFO 85794 --- [main] org.apache.catalina.core.StandardEngine  : Starting Servlet engine: [Apache Tomcat/9.0.75]
00:12:39:313  INFO 85794 --- [main] o.a.c.c.C.[Tomcat].[localhost].[/]       : Initializing Spring embedded WebApplicationContext
00:12:39:313  INFO 85794 --- [main] w.s.c.ServletWebServerApplicationContext : Root WebApplicationContext: initialization completed in 700 ms
00:12:39:406  INFO 85794 --- [main] o.s.c.openfeign.FeignClientFactoryBean   : For 'user-service' URL not provided. Will try picking an instance via load-balancing.
00:12:39:429  INFO 85794 --- [main] o.s.c.openfeign.FeignClientFactoryBean   : For 'trade-service' URL not provided. Will try picking an instance via load-balancing.
00:12:39:762  INFO 85794 --- [main] pertySourcedRequestMappingHandlerMapping : Mapped URL path [/v2/api-docs] onto method [springfox.documentation.swagger2.web.Swagger2ControllerWebMvc#getDocumentation(String, HttpServletRequest)]
00:12:39:859  INFO 85794 --- [main] o.s.b.w.embedded.tomcat.TomcatWebServer  : Tomcat started on port(s): 8085 (http) with context path ''
00:12:39:861  INFO 85794 --- [main] d.s.w.p.DocumentationPluginsBootstrapper : Documentation plugins bootstrapped
00:12:39:862  INFO 85794 --- [main] d.s.w.p.DocumentationPluginsBootstrapper : Found 1 custom documentation plugin(s)
00:12:39:871  INFO 85794 --- [main] s.d.s.w.s.ApiListingReferenceScanner     : Scanning for api listing references
00:12:39:917  INFO 85794 --- [main] com.hmall.pay.PayApplication             : Started PayApplication in 1.59 seconds (JVM running for 1.883)
00:16:26:370  INFO 86147 --- [main] com.hmall.pay.PayApplication             : Starting PayApplication using Java 17.0.10 on MacBook-Pro.local with PID 86147 (/Users/dengwenjie/Java/spring-cloud/hmall/pay-service/target/classes started by dengwenjie in /Users/dengwenjie/Java/spring-cloud)
00:16:26:371 DEBUG 86147 --- [main] com.hmall.pay.PayApplication             : Running with Spring Boot v2.7.12, Spring v5.3.27
00:16:26:371  INFO 86147 --- [main] com.hmall.pay.PayApplication             : The following 1 profile is active: "dev"
00:16:26:838  INFO 86147 --- [main] o.s.cloud.context.scope.GenericScope     : BeanFactory id=2e95566c-457e-32c7-a664-122148250fcb
00:16:27:229  INFO 86147 --- [main] o.s.b.w.embedded.tomcat.TomcatWebServer  : Tomcat initialized with port(s): 8085 (http)
00:16:27:234  INFO 86147 --- [main] o.apache.catalina.core.StandardService   : Starting service [Tomcat]
00:16:27:234  INFO 86147 --- [main] org.apache.catalina.core.StandardEngine  : Starting Servlet engine: [Apache Tomcat/9.0.75]
00:16:27:307  INFO 86147 --- [main] o.a.c.c.C.[Tomcat].[localhost].[/]       : Initializing Spring embedded WebApplicationContext
00:16:27:308  INFO 86147 --- [main] w.s.c.ServletWebServerApplicationContext : Root WebApplicationContext: initialization completed in 915 ms
00:16:27:417  INFO 86147 --- [main] o.s.c.openfeign.FeignClientFactoryBean   : For 'user-service' URL not provided. Will try picking an instance via load-balancing.
00:16:27:445  INFO 86147 --- [main] o.s.c.openfeign.FeignClientFactoryBean   : For 'trade-service' URL not provided. Will try picking an instance via load-balancing.
00:16:27:827  INFO 86147 --- [main] pertySourcedRequestMappingHandlerMapping : Mapped URL path [/v2/api-docs] onto method [springfox.documentation.swagger2.web.Swagger2ControllerWebMvc#getDocumentation(String, HttpServletRequest)]
00:16:27:945  INFO 86147 --- [main] com.alibaba.nacos.common.remote.client   : [RpcClientFactory] create a new rpc client of 79a83aba-a49c-4fd5-a4eb-0bbb1793f0ae
00:16:27:979  INFO 86147 --- [main] org.reflections.Reflections              : Reflections took 15 ms to scan 1 urls, producing 3 keys and 6 values 
00:16:27:991  INFO 86147 --- [main] org.reflections.Reflections              : Reflections took 4 ms to scan 1 urls, producing 4 keys and 9 values 
00:16:28:000  INFO 86147 --- [main] org.reflections.Reflections              : Reflections took 7 ms to scan 1 urls, producing 3 keys and 10 values 
00:16:28:001  WARN 86147 --- [main] org.reflections.Reflections              : given scan urls are empty. set urls in the configuration
00:16:28:005  INFO 86147 --- [main] org.reflections.Reflections              : Reflections took 4 ms to scan 1 urls, producing 1 keys and 5 values 
00:16:28:010  INFO 86147 --- [main] org.reflections.Reflections              : Reflections took 4 ms to scan 1 urls, producing 1 keys and 7 values 
00:16:28:015  INFO 86147 --- [main] org.reflections.Reflections              : Reflections took 3 ms to scan 1 urls, producing 2 keys and 8 values 
00:16:28:016  WARN 86147 --- [main] org.reflections.Reflections              : given scan urls are empty. set urls in the configuration
00:16:28:017  INFO 86147 --- [main] com.alibaba.nacos.common.remote.client   : [79a83aba-a49c-4fd5-a4eb-0bbb1793f0ae] RpcClient init label, labels = {module=naming, source=sdk}
00:16:28:018  INFO 86147 --- [main] com.alibaba.nacos.common.remote.client   : [79a83aba-a49c-4fd5-a4eb-0bbb1793f0ae] RpcClient init, ServerListFactory = com.alibaba.nacos.client.naming.core.ServerListManager
00:16:28:018  INFO 86147 --- [main] com.alibaba.nacos.common.remote.client   : [79a83aba-a49c-4fd5-a4eb-0bbb1793f0ae] Registry connection listener to current client:com.alibaba.nacos.client.naming.remote.gprc.redo.NamingGrpcRedoService
00:16:28:018  INFO 86147 --- [main] com.alibaba.nacos.common.remote.client   : [79a83aba-a49c-4fd5-a4eb-0bbb1793f0ae] Register server push request handler:com.alibaba.nacos.client.naming.remote.gprc.NamingPushRequestHandler
00:16:28:019  INFO 86147 --- [main] com.alibaba.nacos.common.remote.client   : [79a83aba-a49c-4fd5-a4eb-0bbb1793f0ae] Try to connect to server on start up, server: {serverIp = 'localhost', server main port = 8848}
00:16:28:482  INFO 86147 --- [main] com.alibaba.nacos.common.remote.client   : [79a83aba-a49c-4fd5-a4eb-0bbb1793f0ae] Success to connect to server [localhost:8848] on start up, connectionId = 1718640988329_172.17.0.1_55824
00:16:28:483  INFO 86147 --- [com.alibaba.nacos.client.remote.worker] com.alibaba.nacos.common.remote.client   : [79a83aba-a49c-4fd5-a4eb-0bbb1793f0ae] Notify connected event to listeners.
00:16:28:483  INFO 86147 --- [main] com.alibaba.nacos.common.remote.client   : [79a83aba-a49c-4fd5-a4eb-0bbb1793f0ae] Register server push request handler:com.alibaba.nacos.common.remote.client.RpcClient$ConnectResetRequestHandler
00:16:28:483  INFO 86147 --- [main] com.alibaba.nacos.common.remote.client   : [79a83aba-a49c-4fd5-a4eb-0bbb1793f0ae] Register server push request handler:com.alibaba.nacos.common.remote.client.RpcClient$$Lambda$987/0x00000070017c3bd0
00:16:28:540  INFO 86147 --- [main] o.s.b.w.embedded.tomcat.TomcatWebServer  : Tomcat started on port(s): 8085 (http) with context path ''
00:16:28:548  INFO 86147 --- [main] c.a.c.n.registry.NacosServiceRegistry    : nacos registry, DEFAULT_GROUP pay-service 127.0.0.1:8085 register finished
00:16:28:552  INFO 86147 --- [main] d.s.w.p.DocumentationPluginsBootstrapper : Documentation plugins bootstrapped
00:16:28:554  INFO 86147 --- [main] d.s.w.p.DocumentationPluginsBootstrapper : Found 1 custom documentation plugin(s)
00:16:28:565  INFO 86147 --- [main] s.d.s.w.s.ApiListingReferenceScanner     : Scanning for api listing references
00:16:28:606  INFO 86147 --- [main] com.hmall.pay.PayApplication             : Started PayApplication in 2.512 seconds (JVM running for 2.77)
00:16:29:111  INFO 86147 --- [nacos-grpc-client-executor-11] com.alibaba.nacos.common.remote.client   : [79a83aba-a49c-4fd5-a4eb-0bbb1793f0ae] Receive server push request, request = NotifySubscriberRequest, requestId = 6
00:16:29:112  INFO 86147 --- [nacos-grpc-client-executor-11] com.alibaba.nacos.common.remote.client   : [79a83aba-a49c-4fd5-a4eb-0bbb1793f0ae] Ack server push request, request = NotifySubscriberRequest, requestId = 6
00:16:33:069  INFO 86147 --- [http-nio-8085-exec-1] o.a.c.c.C.[Tomcat].[localhost].[/]       : Initializing Spring DispatcherServlet 'dispatcherServlet'
00:16:33:069  INFO 86147 --- [http-nio-8085-exec-1] o.s.web.servlet.DispatcherServlet        : Initializing Servlet 'dispatcherServlet'
00:16:33:070  INFO 86147 --- [http-nio-8085-exec-1] o.s.web.servlet.DispatcherServlet        : Completed initialization in 1 ms
00:16:42:524  INFO 86147 --- [http-nio-8085-exec-3] com.zaxxer.hikari.HikariDataSource       : HikariPool-1 - Starting...
00:16:42:744  INFO 86147 --- [http-nio-8085-exec-3] com.zaxxer.hikari.HikariDataSource       : HikariPool-1 - Start completed.
00:16:42:749 DEBUG 86147 --- [http-nio-8085-exec-3] c.h.p.mapper.PayOrderMapper.selectList   : ==>  Preparing: SELECT id,biz_order_no,pay_order_no,biz_user_id,pay_channel_code,amount,pay_type,status,expand_json,result_code,result_msg,pay_success_time,pay_over_time,qr_code_url,create_time,update_time,creater,updater,is_delete FROM pay_order
00:16:42:762 DEBUG 86147 --- [http-nio-8085-exec-3] c.h.p.mapper.PayOrderMapper.selectList   : ==> Parameters: 
00:16:42:796 DEBUG 86147 --- [http-nio-8085-exec-3] c.h.p.mapper.PayOrderMapper.selectList   : <==      Total: 2
00:16:58:662  WARN 86147 --- [Thread-4] c.a.nacos.common.notify.NotifyCenter     : [NotifyCenter] Start destroying Publisher
00:16:58:663  WARN 86147 --- [Thread-4] c.a.nacos.common.notify.NotifyCenter     : [NotifyCenter] Destruction of the end
00:16:58:664  WARN 86147 --- [Thread-7] c.a.n.common.http.HttpClientBeanHolder   : [HttpClientBeanHolder] Start destroying common HttpClient
00:16:58:666  WARN 86147 --- [Thread-7] c.a.n.common.http.HttpClientBeanHolder   : [HttpClientBeanHolder] Destruction of the end
00:16:58:704  INFO 86147 --- [SpringApplicationShutdownHook] c.a.c.n.registry.NacosServiceRegistry    : De-registering from Nacos Server now...
00:16:58:729  INFO 86147 --- [SpringApplicationShutdownHook] c.a.c.n.registry.NacosServiceRegistry    : De-registration finished.
00:16:59:045  INFO 86147 --- [SpringApplicationShutdownHook] com.alibaba.nacos.common.remote.client   : Shutdown rpc client, set status to shutdown
00:16:59:045  INFO 86147 --- [SpringApplicationShutdownHook] com.alibaba.nacos.common.remote.client   : Shutdown client event executor java.util.concurrent.ScheduledThreadPoolExecutor@3478dfc5[Running, pool size = 2, active threads = 2, queued tasks = 0, completed tasks = 0]
00:16:59:045  INFO 86147 --- [SpringApplicationShutdownHook] com.alibaba.nacos.common.remote.client   : Close current connection 1718640988329_172.17.0.1_55824
00:16:59:052  INFO 86147 --- [SpringApplicationShutdownHook] c.a.n.c.remote.client.grpc.GrpcClient    : Shutdown grpc executor java.util.concurrent.ThreadPoolExecutor@6700a29f[Running, pool size = 8, active threads = 0, queued tasks = 0, completed tasks = 28]
00:16:59:058  INFO 86147 --- [SpringApplicationShutdownHook] com.zaxxer.hikari.HikariDataSource       : HikariPool-1 - Shutdown initiated...
00:16:59:100  INFO 86147 --- [SpringApplicationShutdownHook] com.zaxxer.hikari.HikariDataSource       : HikariPool-1 - Shutdown completed.
