18:47:27:708  INFO 17669 --- [main] com.hmall.cart.CartApplication           : Starting CartApplication using Java 17.0.10 on MacBook-Pro.local with PID 17669 (/Users/dengwenjie/Java/spring-cloud/hmall/cart-service/target/classes started by dengwenjie in /Users/dengwenjie/Java/spring-cloud)
18:47:27:709 DEBUG 17669 --- [main] com.hmall.cart.CartApplication           : Running with Spring Boot v2.7.12, Spring v5.3.27
18:47:27:709  INFO 17669 --- [main] com.hmall.cart.CartApplication           : The following 1 profile is active: "dev"
18:47:28:213  INFO 17669 --- [main] o.s.b.w.embedded.tomcat.TomcatWebServer  : Tomcat initialized with port(s): 8082 (http)
18:47:28:216  INFO 17669 --- [main] o.apache.catalina.core.StandardService   : Starting service [Tomcat]
18:47:28:216  INFO 17669 --- [main] org.apache.catalina.core.StandardEngine  : Starting Servlet engine: [Apache Tomcat/9.0.75]
18:47:28:253  INFO 17669 --- [main] o.a.c.c.C.[Tomcat].[localhost].[/]       : Initializing Spring embedded WebApplicationContext
18:47:28:254  INFO 17669 --- [main] w.s.c.ServletWebServerApplicationContext : Root WebApplicationContext: initialization completed in 519 ms
18:47:28:620  INFO 17669 --- [main] pertySourcedRequestMappingHandlerMapping : Mapped URL path [/v2/api-docs] onto method [springfox.documentation.swagger2.web.Swagger2ControllerWebMvc#getDocumentation(String, HttpServletRequest)]
18:47:28:662  INFO 17669 --- [main] o.s.b.w.embedded.tomcat.TomcatWebServer  : Tomcat started on port(s): 8082 (http) with context path ''
18:47:28:662  INFO 17669 --- [main] d.s.w.p.DocumentationPluginsBootstrapper : Documentation plugins bootstrapped
18:47:28:663  INFO 17669 --- [main] d.s.w.p.DocumentationPluginsBootstrapper : Found 1 custom documentation plugin(s)
18:47:28:671  INFO 17669 --- [main] s.d.s.w.s.ApiListingReferenceScanner     : Scanning for api listing references
18:47:28:678  INFO 17669 --- [main] com.hmall.cart.CartApplication           : Started CartApplication in 1.171 seconds (JVM running for 1.395)
18:47:52:213  INFO 17710 --- [main] com.hmall.cart.CartApplication           : Starting CartApplication using Java 17.0.10 on MacBook-Pro.local with PID 17710 (/Users/dengwenjie/Java/spring-cloud/hmall/cart-service/target/classes started by dengwenjie in /Users/dengwenjie/Java/spring-cloud)
18:47:52:214 DEBUG 17710 --- [main] com.hmall.cart.CartApplication           : Running with Spring Boot v2.7.12, Spring v5.3.27
18:47:52:214  INFO 17710 --- [main] com.hmall.cart.CartApplication           : The following 1 profile is active: "dev"
18:47:52:738  INFO 17710 --- [main] o.s.b.w.embedded.tomcat.TomcatWebServer  : Tomcat initialized with port(s): 8082 (http)
18:47:52:742  INFO 17710 --- [main] o.apache.catalina.core.StandardService   : Starting service [Tomcat]
18:47:52:742  INFO 17710 --- [main] org.apache.catalina.core.StandardEngine  : Starting Servlet engine: [Apache Tomcat/9.0.75]
18:47:52:785  INFO 17710 --- [main] o.a.c.c.C.[Tomcat].[localhost].[/]       : Initializing Spring embedded WebApplicationContext
18:47:52:785  INFO 17710 --- [main] w.s.c.ServletWebServerApplicationContext : Root WebApplicationContext: initialization completed in 550 ms
18:47:53:168  INFO 17710 --- [main] pertySourcedRequestMappingHandlerMapping : Mapped URL path [/v2/api-docs] onto method [springfox.documentation.swagger2.web.Swagger2ControllerWebMvc#getDocumentation(String, HttpServletRequest)]
18:47:53:210  INFO 17710 --- [main] o.s.b.w.embedded.tomcat.TomcatWebServer  : Tomcat started on port(s): 8082 (http) with context path ''
18:47:53:211  INFO 17710 --- [main] d.s.w.p.DocumentationPluginsBootstrapper : Documentation plugins bootstrapped
18:47:53:212  INFO 17710 --- [main] d.s.w.p.DocumentationPluginsBootstrapper : Found 1 custom documentation plugin(s)
18:47:53:220  INFO 17710 --- [main] s.d.s.w.s.ApiListingReferenceScanner     : Scanning for api listing references
18:47:53:228  INFO 17710 --- [main] com.hmall.cart.CartApplication           : Started CartApplication in 1.207 seconds (JVM running for 1.48)
18:48:09:368  INFO 17710 --- [http-nio-8082-exec-1] o.a.c.c.C.[Tomcat].[localhost].[/]       : Initializing Spring DispatcherServlet 'dispatcherServlet'
18:48:09:368  INFO 17710 --- [http-nio-8082-exec-1] o.s.web.servlet.DispatcherServlet        : Initializing Servlet 'dispatcherServlet'
18:48:09:369  INFO 17710 --- [http-nio-8082-exec-1] o.s.web.servlet.DispatcherServlet        : Completed initialization in 1 ms
18:48:50:223  INFO 17786 --- [main] com.hmall.cart.CartApplication           : Starting CartApplication using Java 17.0.10 on MacBook-Pro.local with PID 17786 (/Users/dengwenjie/Java/spring-cloud/hmall/cart-service/target/classes started by dengwenjie in /Users/dengwenjie/Java/spring-cloud)
18:48:50:224 DEBUG 17786 --- [main] com.hmall.cart.CartApplication           : Running with Spring Boot v2.7.12, Spring v5.3.27
18:48:50:225  INFO 17786 --- [main] com.hmall.cart.CartApplication           : The following 1 profile is active: "dev"
18:48:50:761  INFO 17786 --- [main] o.s.b.w.embedded.tomcat.TomcatWebServer  : Tomcat initialized with port(s): 8082 (http)
18:48:50:765  INFO 17786 --- [main] o.apache.catalina.core.StandardService   : Starting service [Tomcat]
18:48:50:766  INFO 17786 --- [main] org.apache.catalina.core.StandardEngine  : Starting Servlet engine: [Apache Tomcat/9.0.75]
18:48:50:805  INFO 17786 --- [main] o.a.c.c.C.[Tomcat].[localhost].[/]       : Initializing Spring embedded WebApplicationContext
18:48:50:805  INFO 17786 --- [main] w.s.c.ServletWebServerApplicationContext : Root WebApplicationContext: initialization completed in 557 ms
18:48:51:192  INFO 17786 --- [main] pertySourcedRequestMappingHandlerMapping : Mapped URL path [/v2/api-docs] onto method [springfox.documentation.swagger2.web.Swagger2ControllerWebMvc#getDocumentation(String, HttpServletRequest)]
18:48:51:232  INFO 17786 --- [main] o.s.b.w.embedded.tomcat.TomcatWebServer  : Tomcat started on port(s): 8082 (http) with context path ''
18:48:51:233  INFO 17786 --- [main] d.s.w.p.DocumentationPluginsBootstrapper : Documentation plugins bootstrapped
18:48:51:234  INFO 17786 --- [main] d.s.w.p.DocumentationPluginsBootstrapper : Found 1 custom documentation plugin(s)
18:48:51:246  INFO 17786 --- [main] s.d.s.w.s.ApiListingReferenceScanner     : Scanning for api listing references
18:48:51:294  INFO 17786 --- [main] com.hmall.cart.CartApplication           : Started CartApplication in 1.267 seconds (JVM running for 1.53)
18:48:53:536  INFO 17786 --- [http-nio-8082-exec-1] o.a.c.c.C.[Tomcat].[localhost].[/]       : Initializing Spring DispatcherServlet 'dispatcherServlet'
18:48:53:536  INFO 17786 --- [http-nio-8082-exec-1] o.s.web.servlet.DispatcherServlet        : Initializing Servlet 'dispatcherServlet'
18:48:53:537  INFO 17786 --- [http-nio-8082-exec-1] o.s.web.servlet.DispatcherServlet        : Completed initialization in 1 ms
18:48:59:306  WARN 17786 --- [http-nio-8082-exec-4] c.b.m.c.t.support.ReflectLambdaMeta      : Unable to make field private final java.lang.Class java.lang.invoke.SerializedLambda.capturingClass accessible: module java.base does not "opens java.lang.invoke" to unnamed module @9225652
18:48:59:316  INFO 17786 --- [http-nio-8082-exec-4] com.zaxxer.hikari.HikariDataSource       : HikariPool-1 - Starting...
18:48:59:503  INFO 17786 --- [http-nio-8082-exec-4] com.zaxxer.hikari.HikariDataSource       : HikariPool-1 - Start completed.
18:48:59:507 DEBUG 17786 --- [http-nio-8082-exec-4] c.h.cart.mapper.CartMapper.selectList    : ==>  Preparing: SELECT id,user_id,item_id,num,name,spec,price,image,create_time,update_time FROM cart WHERE (user_id = ?)
18:48:59:521 DEBUG 17786 --- [http-nio-8082-exec-4] c.h.cart.mapper.CartMapper.selectList    : ==> Parameters: 1(Long)
18:48:59:542 DEBUG 17786 --- [http-nio-8082-exec-4] c.h.cart.mapper.CartMapper.selectList    : <==      Total: 1
