11:01:33:599  INFO 40265 --- [main] com.hmall.trade.TradeApplication         : Starting TradeApplication using Java 17.0.10 on MacBook-Pro.local with PID 40265 (/Users/dengwenjie/Java/spring-cloud/hmall/trade-service/target/classes started by dengwenjie in /Users/dengwenjie/Java/spring-cloud)
11:01:33:601 DEBUG 40265 --- [main] com.hmall.trade.TradeApplication         : Running with Spring Boot v2.7.12, Spring v5.3.27
11:01:33:601  INFO 40265 --- [main] com.hmall.trade.TradeApplication         : The following 1 profile is active: "dev"
11:01:34:139  INFO 40265 --- [main] o.s.b.w.embedded.tomcat.TomcatWebServer  : Tomcat initialized with port(s): 8084 (http)
11:01:34:144  INFO 40265 --- [main] o.apache.catalina.core.StandardService   : Starting service [Tomcat]
11:01:34:144  INFO 40265 --- [main] org.apache.catalina.core.StandardEngine  : Starting Servlet engine: [Apache Tomcat/9.0.75]
11:01:34:186  INFO 40265 --- [main] o.a.c.c.C.[Tomcat].[localhost].[/]       : Initializing Spring embedded WebApplicationContext
11:01:34:186  INFO 40265 --- [main] w.s.c.ServletWebServerApplicationContext : Root WebApplicationContext: initialization completed in 563 ms
11:01:34:222  WARN 40265 --- [main] ConfigServletWebServerApplicationContext : Exception encountered during context initialization - cancelling refresh attempt: org.springframework.beans.factory.UnsatisfiedDependencyException: Error creating bean with name 'orderController' defined in file [/Users/dengwenjie/Java/spring-cloud/hmall/trade-service/target/classes/com/hmall/trade/controller/OrderController.class]: Unsatisfied dependency expressed through constructor parameter 0; nested exception is org.springframework.beans.factory.UnsatisfiedDependencyException: Error creating bean with name 'orderServiceImpl' defined in file [/Users/dengwenjie/Java/spring-cloud/hmall/trade-service/target/classes/com/hmall/trade/service/impl/OrderServiceImpl.class]: Unsatisfied dependency expressed through constructor parameter 0; nested exception is org.springframework.beans.factory.NoSuchBeanDefinitionException: No qualifying bean of type 'com.hmall.trade.service.IItemService' available: expected at least 1 bean which qualifies as autowire candidate. Dependency annotations: {}
11:01:34:223  INFO 40265 --- [main] o.apache.catalina.core.StandardService   : Stopping service [Tomcat]
11:01:34:232  INFO 40265 --- [main] ConditionEvaluationReportLoggingListener : 

Error starting ApplicationContext. To display the conditions report re-run your application with 'debug' enabled.
11:01:34:241 ERROR 40265 --- [main] o.s.b.d.LoggingFailureAnalysisReporter   : 

***************************
APPLICATION FAILED TO START
***************************

Description:

Parameter 0 of constructor in com.hmall.trade.service.impl.OrderServiceImpl required a bean of type 'com.hmall.trade.service.IItemService' that could not be found.


Action:

Consider defining a bean of type 'com.hmall.trade.service.IItemService' in your configuration.

23:46:59:174  INFO 83552 --- [main] com.hmall.trade.TradeApplication         : Starting TradeApplication using Java 17.0.10 on MacBook-Pro.local with PID 83552 (/Users/dengwenjie/Java/spring-cloud/hmall/trade-service/target/classes started by dengwenjie in /Users/dengwenjie/Java/spring-cloud)
23:46:59:175 DEBUG 83552 --- [main] com.hmall.trade.TradeApplication         : Running with Spring Boot v2.7.12, Spring v5.3.27
23:46:59:175  INFO 83552 --- [main] com.hmall.trade.TradeApplication         : The following 1 profile is active: "dev"
23:46:59:609  INFO 83552 --- [main] o.s.cloud.context.scope.GenericScope     : BeanFactory id=d48bfa28-5e4a-3d41-a999-2b0f92bbbacf
23:46:59:805  INFO 83552 --- [main] o.s.b.w.embedded.tomcat.TomcatWebServer  : Tomcat initialized with port(s): 8084 (http)
23:46:59:809  INFO 83552 --- [main] o.apache.catalina.core.StandardService   : Starting service [Tomcat]
23:46:59:809  INFO 83552 --- [main] org.apache.catalina.core.StandardEngine  : Starting Servlet engine: [Apache Tomcat/9.0.75]
23:46:59:863  INFO 83552 --- [main] o.a.c.c.C.[Tomcat].[localhost].[/]       : Initializing Spring embedded WebApplicationContext
23:46:59:863  INFO 83552 --- [main] w.s.c.ServletWebServerApplicationContext : Root WebApplicationContext: initialization completed in 665 ms
23:46:59:949  INFO 83552 --- [main] o.s.c.openfeign.FeignClientFactoryBean   : For 'item-service' URL not provided. Will try picking an instance via load-balancing.
23:47:00:113  INFO 83552 --- [main] o.s.c.openfeign.FeignClientFactoryBean   : For 'cart-service' URL not provided. Will try picking an instance via load-balancing.
23:47:00:327  INFO 83552 --- [main] pertySourcedRequestMappingHandlerMapping : Mapped URL path [/v2/api-docs] onto method [springfox.documentation.swagger2.web.Swagger2ControllerWebMvc#getDocumentation(String, HttpServletRequest)]
23:47:00:415  INFO 83552 --- [main] o.s.b.w.embedded.tomcat.TomcatWebServer  : Tomcat started on port(s): 8084 (http) with context path ''
23:47:00:417  INFO 83552 --- [main] d.s.w.p.DocumentationPluginsBootstrapper : Documentation plugins bootstrapped
23:47:00:418  INFO 83552 --- [main] d.s.w.p.DocumentationPluginsBootstrapper : Found 1 custom documentation plugin(s)
23:47:00:427  INFO 83552 --- [main] s.d.s.w.s.ApiListingReferenceScanner     : Scanning for api listing references
23:47:00:477  INFO 83552 --- [main] com.hmall.trade.TradeApplication         : Started TradeApplication in 1.503 seconds (JVM running for 1.724)
23:47:04:951  INFO 83552 --- [http-nio-8084-exec-1] o.a.c.c.C.[Tomcat].[localhost].[/]       : Initializing Spring DispatcherServlet 'dispatcherServlet'
23:47:04:951  INFO 83552 --- [http-nio-8084-exec-1] o.s.web.servlet.DispatcherServlet        : Initializing Servlet 'dispatcherServlet'
23:47:04:952  INFO 83552 --- [http-nio-8084-exec-1] o.s.web.servlet.DispatcherServlet        : Completed initialization in 1 ms
23:47:30:555  INFO 83552 --- [http-nio-8084-exec-4] com.zaxxer.hikari.HikariDataSource       : HikariPool-1 - Starting...
23:47:30:737  INFO 83552 --- [http-nio-8084-exec-4] com.zaxxer.hikari.HikariDataSource       : HikariPool-1 - Start completed.
23:47:30:741 DEBUG 83552 --- [http-nio-8084-exec-4] c.h.trade.mapper.OrderMapper.selectById  : ==>  Preparing: SELECT id,total_fee,payment_type,user_id,status,create_time,pay_time,consign_time,end_time,close_time,comment_time,update_time FROM `order` WHERE id=?
23:47:30:754 DEBUG 83552 --- [http-nio-8084-exec-4] c.h.trade.mapper.OrderMapper.selectById  : ==> Parameters: 1654779387523936258(Long)
23:47:30:787 DEBUG 83552 --- [http-nio-8084-exec-4] c.h.trade.mapper.OrderMapper.selectById  : <==      Total: 1
