00:02:08:917 DEBUG 31401 --- [http-nio-8083-exec-3] c.h.user.mapper.UserMapper.selectList    : ==>  Preparing: SELECT id,username,password,phone,create_time,update_time,status,balance FROM user WHERE (username = ?)
00:02:08:924 DEBUG 31401 --- [http-nio-8083-exec-3] c.h.user.mapper.UserMapper.selectList    : ==> Parameters: jack(String)
00:02:08:932 DEBUG 31401 --- [http-nio-8083-exec-3] c.h.user.mapper.UserMapper.selectList    : <==      Total: 1
00:09:21:524  WARN 31401 --- [Thread-7] c.a.n.common.http.HttpClientBeanHolder   : [HttpClientBeanHolder] Start destroying common HttpClient
00:09:21:527  WARN 31401 --- [Thread-7] c.a.n.common.http.HttpClientBeanHolder   : [HttpClientBeanHolder] Destruction of the end
00:09:21:529  WARN 31401 --- [Thread-4] c.a.nacos.common.notify.NotifyCenter     : [NotifyCenter] Start destroying Publisher
00:09:21:529  WARN 31401 --- [Thread-4] c.a.nacos.common.notify.NotifyCenter     : [NotifyCenter] Destruction of the end
00:09:22:590  INFO 31401 --- [SpringApplicationShutdownHook] c.a.c.n.registry.NacosServiceRegistry    : De-registering from Nacos Server now...
00:09:22:596  INFO 31401 --- [SpringApplicationShutdownHook] c.a.c.n.registry.NacosServiceRegistry    : De-registration finished.
00:09:22:908  INFO 31401 --- [SpringApplicationShutdownHook] com.alibaba.nacos.common.remote.client   : Shutdown rpc client, set status to shutdown
00:09:22:908  INFO 31401 --- [SpringApplicationShutdownHook] com.alibaba.nacos.common.remote.client   : Shutdown client event executor java.util.concurrent.ScheduledThreadPoolExecutor@37074799[Running, pool size = 2, active threads = 2, queued tasks = 0, completed tasks = 0]
00:09:22:908  INFO 31401 --- [SpringApplicationShutdownHook] com.alibaba.nacos.common.remote.client   : Close current connection 1718726042884_172.17.0.1_56250
00:09:22:914  INFO 31401 --- [SpringApplicationShutdownHook] c.a.n.c.remote.client.grpc.GrpcClient    : Shutdown grpc executor java.util.concurrent.ThreadPoolExecutor@1874935d[Running, pool size = 5, active threads = 0, queued tasks = 0, completed tasks = 308]
00:09:22:922  INFO 31401 --- [SpringApplicationShutdownHook] com.zaxxer.hikari.HikariDataSource       : HikariPool-1 - Shutdown initiated...
00:09:22:953  INFO 31401 --- [SpringApplicationShutdownHook] com.zaxxer.hikari.HikariDataSource       : HikariPool-1 - Shutdown completed.
13:14:32:455  INFO 38100 --- [main] com.hmall.user.UserApplication           : Starting UserApplication using Java 17.0.10 on MacBook-Pro.local with PID 38100 (/Users/dengwenjie/Java/spring-cloud/hmall/user-service/target/classes started by dengwenjie in /Users/dengwenjie/Java/spring-cloud)
13:14:32:456 DEBUG 38100 --- [main] com.hmall.user.UserApplication           : Running with Spring Boot v2.7.12, Spring v5.3.27
13:14:32:456  INFO 38100 --- [main] com.hmall.user.UserApplication           : The following 1 profile is active: "dev"
13:14:32:930  INFO 38100 --- [main] o.s.cloud.context.scope.GenericScope     : BeanFactory id=b3518e08-2331-3b1b-9d7e-ba66b5300623
13:14:33:134  INFO 38100 --- [main] o.s.b.w.embedded.tomcat.TomcatWebServer  : Tomcat initialized with port(s): 8083 (http)
13:14:33:138  INFO 38100 --- [main] o.apache.catalina.core.StandardService   : Starting service [Tomcat]
13:14:33:139  INFO 38100 --- [main] org.apache.catalina.core.StandardEngine  : Starting Servlet engine: [Apache Tomcat/9.0.75]
13:14:33:194  INFO 38100 --- [main] o.a.c.c.C.[Tomcat].[localhost].[/]       : Initializing Spring embedded WebApplicationContext
13:14:33:194  INFO 38100 --- [main] w.s.c.ServletWebServerApplicationContext : Root WebApplicationContext: initialization completed in 716 ms
13:14:33:830  INFO 38100 --- [main] pertySourcedRequestMappingHandlerMapping : Mapped URL path [/v2/api-docs] onto method [springfox.documentation.swagger2.web.Swagger2ControllerWebMvc#getDocumentation(String, HttpServletRequest)]
13:14:33:955  INFO 38100 --- [main] com.alibaba.nacos.common.remote.client   : [RpcClientFactory] create a new rpc client of 5afe4b2a-faeb-452b-aec3-770b4460802d
13:14:33:986  INFO 38100 --- [main] org.reflections.Reflections              : Reflections took 14 ms to scan 1 urls, producing 3 keys and 6 values 
13:14:33:999  INFO 38100 --- [main] org.reflections.Reflections              : Reflections took 5 ms to scan 1 urls, producing 4 keys and 9 values 
13:14:34:004  INFO 38100 --- [main] org.reflections.Reflections              : Reflections took 4 ms to scan 1 urls, producing 3 keys and 10 values 
13:14:34:005  WARN 38100 --- [main] org.reflections.Reflections              : given scan urls are empty. set urls in the configuration
13:14:34:012  INFO 38100 --- [main] org.reflections.Reflections              : Reflections took 7 ms to scan 1 urls, producing 1 keys and 5 values 
13:14:34:017  INFO 38100 --- [main] org.reflections.Reflections              : Reflections took 4 ms to scan 1 urls, producing 1 keys and 7 values 
13:14:34:022  INFO 38100 --- [main] org.reflections.Reflections              : Reflections took 4 ms to scan 1 urls, producing 2 keys and 8 values 
13:14:34:023  WARN 38100 --- [main] org.reflections.Reflections              : given scan urls are empty. set urls in the configuration
13:14:34:024  INFO 38100 --- [main] com.alibaba.nacos.common.remote.client   : [5afe4b2a-faeb-452b-aec3-770b4460802d] RpcClient init label, labels = {module=naming, source=sdk}
13:14:34:025  INFO 38100 --- [main] com.alibaba.nacos.common.remote.client   : [5afe4b2a-faeb-452b-aec3-770b4460802d] RpcClient init, ServerListFactory = com.alibaba.nacos.client.naming.core.ServerListManager
13:14:34:025  INFO 38100 --- [main] com.alibaba.nacos.common.remote.client   : [5afe4b2a-faeb-452b-aec3-770b4460802d] Registry connection listener to current client:com.alibaba.nacos.client.naming.remote.gprc.redo.NamingGrpcRedoService
13:14:34:025  INFO 38100 --- [main] com.alibaba.nacos.common.remote.client   : [5afe4b2a-faeb-452b-aec3-770b4460802d] Register server push request handler:com.alibaba.nacos.client.naming.remote.gprc.NamingPushRequestHandler
13:14:34:026  INFO 38100 --- [main] com.alibaba.nacos.common.remote.client   : [5afe4b2a-faeb-452b-aec3-770b4460802d] Try to connect to server on start up, server: {serverIp = 'localhost', server main port = 8848}
13:14:34:423  INFO 38100 --- [main] com.alibaba.nacos.common.remote.client   : [5afe4b2a-faeb-452b-aec3-770b4460802d] Success to connect to server [localhost:8848] on start up, connectionId = 1718774074267_172.17.0.1_56282
13:14:34:424  INFO 38100 --- [com.alibaba.nacos.client.remote.worker] com.alibaba.nacos.common.remote.client   : [5afe4b2a-faeb-452b-aec3-770b4460802d] Notify connected event to listeners.
13:14:34:424  INFO 38100 --- [main] com.alibaba.nacos.common.remote.client   : [5afe4b2a-faeb-452b-aec3-770b4460802d] Register server push request handler:com.alibaba.nacos.common.remote.client.RpcClient$ConnectResetRequestHandler
13:14:34:424  INFO 38100 --- [main] com.alibaba.nacos.common.remote.client   : [5afe4b2a-faeb-452b-aec3-770b4460802d] Register server push request handler:com.alibaba.nacos.common.remote.client.RpcClient$$Lambda$969/0x00000006017e30b0
13:14:34:474  INFO 38100 --- [main] o.s.b.w.embedded.tomcat.TomcatWebServer  : Tomcat started on port(s): 8083 (http) with context path ''
13:14:34:483  INFO 38100 --- [main] c.a.c.n.registry.NacosServiceRegistry    : nacos registry, DEFAULT_GROUP user-service 127.0.0.1:8083 register finished
13:14:34:484  INFO 38100 --- [main] d.s.w.p.DocumentationPluginsBootstrapper : Documentation plugins bootstrapped
13:14:34:486  INFO 38100 --- [main] d.s.w.p.DocumentationPluginsBootstrapper : Found 1 custom documentation plugin(s)
13:14:34:494  INFO 38100 --- [main] s.d.s.w.s.ApiListingReferenceScanner     : Scanning for api listing references
13:14:34:545  INFO 38100 --- [main] com.hmall.user.UserApplication           : Started UserApplication in 2.322 seconds (JVM running for 2.584)
13:14:35:032  INFO 38100 --- [nacos-grpc-client-executor-10] com.alibaba.nacos.common.remote.client   : [5afe4b2a-faeb-452b-aec3-770b4460802d] Receive server push request, request = NotifySubscriberRequest, requestId = 4
13:14:35:039  INFO 38100 --- [nacos-grpc-client-executor-10] com.alibaba.nacos.common.remote.client   : [5afe4b2a-faeb-452b-aec3-770b4460802d] Ack server push request, request = NotifySubscriberRequest, requestId = 4
13:14:38:178  INFO 38100 --- [http-nio-8083-exec-1] o.a.c.c.C.[Tomcat].[localhost].[/]       : Initializing Spring DispatcherServlet 'dispatcherServlet'
13:14:38:178  INFO 38100 --- [http-nio-8083-exec-1] o.s.web.servlet.DispatcherServlet        : Initializing Servlet 'dispatcherServlet'
13:14:38:179  INFO 38100 --- [http-nio-8083-exec-1] o.s.web.servlet.DispatcherServlet        : Completed initialization in 1 ms
13:14:38:246  WARN 38100 --- [http-nio-8083-exec-1] c.b.m.c.t.support.ReflectLambdaMeta      : Unable to make field private final java.lang.Class java.lang.invoke.SerializedLambda.capturingClass accessible: module java.base does not "opens java.lang.invoke" to unnamed module @6e171cd7
13:14:38:254  INFO 38100 --- [http-nio-8083-exec-1] com.zaxxer.hikari.HikariDataSource       : HikariPool-1 - Starting...
13:14:38:393  INFO 38100 --- [http-nio-8083-exec-1] com.zaxxer.hikari.HikariDataSource       : HikariPool-1 - Start completed.
13:14:38:397 DEBUG 38100 --- [http-nio-8083-exec-1] c.h.user.mapper.UserMapper.selectList    : ==>  Preparing: SELECT id,username,password,phone,create_time,update_time,status,balance FROM user WHERE (username = ?)
13:14:38:410 DEBUG 38100 --- [http-nio-8083-exec-1] c.h.user.mapper.UserMapper.selectList    : ==> Parameters: jack(String)
13:14:38:429 DEBUG 38100 --- [http-nio-8083-exec-1] c.h.user.mapper.UserMapper.selectList    : <==      Total: 1
13:18:54:444 DEBUG 38100 --- [http-nio-8083-exec-3] c.h.u.mapper.AddressMapper.selectList    : ==>  Preparing: SELECT id,user_id,province,city,town,mobile,street,contact,is_default,notes FROM address WHERE (user_id = ?)
13:18:54:445 DEBUG 38100 --- [http-nio-8083-exec-3] c.h.u.mapper.AddressMapper.selectList    : ==> Parameters: 1(Long)
13:18:54:455 DEBUG 38100 --- [http-nio-8083-exec-3] c.h.u.mapper.AddressMapper.selectList    : <==      Total: 4
